= Host-specific information ====================================================
$> hostname; uname -msr
c3r7s2.wethinkcode.co.za
Darwin 18.7.0 x86_64
$> date
Tue Aug  6 11:37:38 SAST 2019
$> gcc --version
Configured with: --prefix=/Applications/Xcode.app/Contents/Developer/usr --with-gxx-include-dir=/Applications/Xcode.app/Contents/Developer/Platforms/MacOSX.platform/Developer/SDKs/MacOSX10.14.sdk/usr/include/c++/4.2.1
Apple LLVM version 10.0.1 (clang-1001.0.46.4)
Target: x86_64-apple-darwin18.7.0
Thread model: posix
InstalledDir: /Applications/Xcode.app/Contents/Developer/Toolchains/XcodeDefault.xctoolchain/usr/bin
$> clang --version
Apple LLVM version 10.0.1 (clang-1001.0.46.4)
Target: x86_64-apple-darwin18.7.0
Thread model: posix
InstalledDir: /Applications/Xcode.app/Contents/Developer/Toolchains/XcodeDefault.xctoolchain/usr/bin

= User files collection ========================================================
Collecting user files from Vogsphere
Repository URL: auto-exam/2019/c-exam-alone-in-the-dark-beginner/practice-exam_20190806/jrheeder2

= Git history ==================================================================
$> git -C /tmp/tmpCfsqap/user log --pretty='%H - %an, %ad : %s'
166c0b569e4b7ab98c7411f165eed53f7a4fa740 - Jordan Rheeder, Tue Aug 6 11:37:31 2019 +0200 : test
 
= Collected files ==========================================
$> ls -lAR /tmp/tmpCfsqap/user
total 8
-rw-r--r--  1 root  wheel  252 Aug  6 11:37 __GIT_HISTORY
drwxr-xr-x  3 root  wheel   96 Aug  6 11:37 ft_strdup

/tmp/tmpCfsqap/user/ft_strdup:
total 8
-rw-r--r--  1 root  wheel  1125 Aug  6 11:37 ft_strdup.c
 
= ft_strdup ====================================================================
$> gcc -Wextra -Wall -Werror main.c ft_strdup.c -o user_exe 
gcc: error: unable to read SDK settings for '/'
gcc: warning: unable to determine the version of the host OS

= Test 1 ===================================================
$> ./fnlgy2xicqk2x0o7d1gjvhui ""
$> diff -U 3 user_output_test1 test1.output | cat -e

Diff OK :D
= Test 2 ===================================================
$> ./4y7py8uhrv78awif747jggev "TuJR9y"
$> diff -U 3 user_output_test2 test2.output | cat -e

Diff OK :D
= Test 3 ===================================================
$> ./ku5uq8l1xlzod4h9mv7hnjrx "QTsZiv45ILBD"
$> diff -U 3 user_output_test3 test3.output | cat -e

Diff OK :D
= Test 4 ===================================================
$> ./bo1v1sue1z6wjond34474a4r "1BPM"
$> diff -U 3 user_output_test4 test4.output | cat -e

Diff OK :D
= Test 5 ===================================================
$> ./tsavb8kfqd5a7orjd166zt0b "klKpU5j"
$> diff -U 3 user_output_test5 test5.output | cat -e

Diff OK :D
= Test 6 ===================================================
$> ./2u2ngc62di0blm41xlf7ungv "fBGSgxRVXwcb 5yBvNDF32Tm GmfjZ3 JqhlQX2LPYWM AOyI7vq ZilcRat KNlDTV6xda5UobY2 rlDu a0bsBdwHXWVfSkUA fIJKBrc9DCEs1tSo hwKBtXe9j2ok"
$> diff -U 3 user_output_test6 test6.output | cat -e

Diff OK :D
= Test 7 ===================================================
$> ./im314s3asbrwfthzoqnzphm6 "tUhu6ci1InypYJz N9BGloy 0Plfqcy18OY gcHhK1kv7dLTwt EJWnILNpC8s3ejur 0CmkLW6GqF1 IhYEf9BmOoNA 6hjzafSPKxHvc yaSA dYDlyxXCQ2prwA Wk625lN IqaL5 v0l2ucGarhzqijyT rM6vAK"
$> diff -U 3 user_output_test7 test7.output | cat -e

Diff OK :D
= Test 8 ===================================================
$> ./qu3afgd5ygi6dclgiqjj4rj4 "Zo1HUm Zov264SC9JGh3eM RBriUoAzwsc9Gvt38 Hwx4sl5UOfBjc2 nCuJlWw CGbXyqBYc Vehr2ACJyEu xnibgXs MfqNE3kJez2"
$> diff -U 3 user_output_test8 test8.output | cat -e

Diff OK :D
= Test 9 ===================================================
$> ./1iw4ivx1m7of30da1tk19p4t "vY0jM1QDnfwx qwH6jiJo413z Kmd4erDRkvqo NVgTdUCtHb1 Ka0IF8bpSku2zXV esTtRid3JnyG9a4HI jJtUm3v58B J3SQCz uOZJ ubJRa4tY82UMDLkxW jLmqZs AT2c N3uaeUMT AvRKLeB wZ3qkU 9R80p1tcL36 AJQ05SFg8mCy"
$> diff -U 3 user_output_test9 test9.output | cat -e

Diff OK :D
Grade: 1

= Final grade: 1 ===============================================================
