= Host-specific information ====================================================
$> hostname; uname -msr
c3r3s6.wethinkcode.co.za
Darwin 18.7.0 x86_64
$> date
Tue Aug  6 12:47:50 SAST 2019
$> gcc --version
Configured with: --prefix=/Applications/Xcode.app/Contents/Developer/usr --with-gxx-include-dir=/Applications/Xcode.app/Contents/Developer/Platforms/MacOSX.platform/Developer/SDKs/MacOSX10.14.sdk/usr/include/c++/4.2.1
Apple LLVM version 10.0.1 (clang-1001.0.46.4)
Target: x86_64-apple-darwin18.7.0
Thread model: posix
InstalledDir: /Applications/Xcode.app/Contents/Developer/Toolchains/XcodeDefault.xctoolchain/usr/bin
$> clang --version
Apple LLVM version 10.0.1 (clang-1001.0.46.4)
Target: x86_64-apple-darwin18.7.0
Thread model: posix
InstalledDir: /Applications/Xcode.app/Contents/Developer/Toolchains/XcodeDefault.xctoolchain/usr/bin

= User files collection ========================================================
Collecting user files from Vogsphere
Repository URL: auto-exam/2019/c-exam-alone-in-the-dark-beginner/practice-exam_20190806/jrheeder2

= Git history ==================================================================
$> git -C /tmp/tmpgiQSbf/user log --pretty='%H - %an, %ad : %s'
e8f3e780553ad9fd2952a0fd0aafb793213aa874 - Jordan Rheeder, Tue Aug 6 12:47:43 2019 +0200 : .
166c0b569e4b7ab98c7411f165eed53f7a4fa740 - Jordan Rheeder, Tue Aug 6 11:37:31 2019 +0200 : test
 
= Collected files ==========================================
$> ls -lAR /tmp/tmpgiQSbf/user
total 8
-rw-r--r--  1 root  wheel  520 Aug  6 12:47 __GIT_HISTORY
drwxr-xr-x  3 root  wheel   96 Aug  6 12:47 add_prime_sum
drwxr-xr-x  3 root  wheel   96 Aug  6 12:47 ft_strdup

/tmp/tmpgiQSbf/user/add_prime_sum:
total 8
-rw-r--r--  1 root  wheel  1447 Aug  6 12:47 add_prime_sum.c

/tmp/tmpgiQSbf/user/ft_strdup:
total 8
-rw-r--r--  1 root  wheel  1125 Aug  6 12:47 ft_strdup.c
 
= add_prime_sum ================================================================
$> gcc -Wextra -Wall -Werror add_prime_sum.c -o user_exe 
gcc: error: unable to read SDK settings for '/'
gcc: warning: unable to determine the version of the host OS
add_prime_sum.c:34:28: error: expected ';' after expression
                i = (i * 10 + *s++ - '0')
                                         ^
                                         ;
1 error generated.

Could not compile 'user_exe'
Grade: 0

= Final grade: 0 ===============================================================
