= Host-specific information ====================================================
$> hostname; uname -msr
c3r9s2.wethinkcode.co.za
Darwin 18.7.0 x86_64
$> date
Tue Aug  6 14:47:07 SAST 2019
$> gcc --version
Configured with: --prefix=/Applications/Xcode.app/Contents/Developer/usr --with-gxx-include-dir=/Applications/Xcode.app/Contents/Developer/Platforms/MacOSX.platform/Developer/SDKs/MacOSX10.14.sdk/usr/include/c++/4.2.1
Apple LLVM version 10.0.1 (clang-1001.0.46.4)
Target: x86_64-apple-darwin18.7.0
Thread model: posix
InstalledDir: /Applications/Xcode.app/Contents/Developer/Toolchains/XcodeDefault.xctoolchain/usr/bin
$> clang --version
Apple LLVM version 10.0.1 (clang-1001.0.46.4)
Target: x86_64-apple-darwin18.7.0
Thread model: posix
InstalledDir: /Applications/Xcode.app/Contents/Developer/Toolchains/XcodeDefault.xctoolchain/usr/bin

= User files collection ========================================================
Collecting user files from Vogsphere
Repository URL: auto-exam/2019/c-exam-alone-in-the-dark-beginner/practice-exam_20190806/jrheeder2

= Git history ==================================================================
$> git -C /tmp/tmpWITvr0/user log --pretty='%H - %an, %ad : %s'
f0b8bde0320a13701e76f2452fb1be14c064afe9 - Jordan Rheeder, Tue Aug 6 14:47:00 2019 +0200 : .
e8f3e780553ad9fd2952a0fd0aafb793213aa874 - Jordan Rheeder, Tue Aug 6 12:47:43 2019 +0200 : .
166c0b569e4b7ab98c7411f165eed53f7a4fa740 - Jordan Rheeder, Tue Aug 6 11:37:31 2019 +0200 : test
 
= Collected files ==========================================
$> ls -lAR /tmp/tmpWITvr0/user
total 8
-rw-r--r--  1 root  wheel  785 Aug  6 14:47 __GIT_HISTORY
drwxr-xr-x  3 root  wheel   96 Aug  6 14:47 add_prime_sum
drwxr-xr-x  3 root  wheel   96 Aug  6 14:47 ft_strdup
drwxr-xr-x  3 root  wheel   96 Aug  6 14:47 print_hex

/tmp/tmpWITvr0/user/add_prime_sum:
total 8
-rw-r--r--  1 root  wheel  1447 Aug  6 14:47 add_prime_sum.c

/tmp/tmpWITvr0/user/ft_strdup:
total 8
-rw-r--r--  1 root  wheel  1125 Aug  6 14:47 ft_strdup.c

/tmp/tmpWITvr0/user/print_hex:
total 8
-rw-r--r--  1 root  wheel  1404 Aug  6 14:47 print_hex.c
 
= print_hex ====================================================================
$> gcc -Wextra -Wall -Werror print_hex.c -o user_exe 
gcc: error: unable to read SDK settings for '/'
gcc: warning: unable to determine the version of the host OS

= Test 1 ===================================================
$> ./n225m9gtdbazy1ctnjo10ada 
$> diff -U 3 user_output_test1 test1.output | cat -e

Diff OK :D
= Test 2 ===================================================
$> ./hedkxzrnz7oyvu8shhwct133 "21" "2313"
$> diff -U 3 user_output_test2 test2.output | cat -e

Diff OK :D
= Test 3 ===================================================
$> ./z5wuz2a9a63m3vjqaejwwf8m 2147483647
$> diff -U 3 user_output_test3 test3.output | cat -e
--- user_output_test3	2019-08-06 12:47:20.000000000 +0000$
+++ test3.output	2019-08-06 12:47:20.000000000 +0000$
@@ -1 +1 @@$
-7fffffff$
\ No newline at end of file$
+7fffffff$

Diff KO :(
Grade: 0

= Final grade: 0 ===============================================================
